2013.08.09 13:14 B d:\temp\carbungc\cdi\images\spanishcuban_b.gif.mno <-- roswell /incoming/poon/carbungc/cdi/images/_notes spanishcuban_b.gif.mno
2013.08.09 13:14 B d:\temp\carbungc\cdi\images\spanisheuropean.gif.mno <-- roswell /incoming/poon/carbungc/cdi/images/_notes spanisheuropean.gif.mno
2013.08.09 13:14 B d:\temp\carbungc\cdi\images\spanisheuropean_b.gif.mno <-- roswell /incoming/poon/carbungc/cdi/images/_notes spanisheuropean_b.gif.mno
2013.08.09 13:14 B d:\temp\carbungc\cdi\images\spanishmanual.gif.mno <-- roswell /incoming/poon/carbungc/cdi/images/_notes spanishmanual.gif.mno
2013.08.09 13:14 B d:\temp\carbungc\cdi\images\spanishmex.gif.mno <-- roswell /incoming/poon/carbungc/cdi/images/_notes spanishmex.gif.mno
2013.08.09 13:15 B d:\temp\carbungc\cdi\images\spanishmex_b.gif.mno <-- roswell /incoming/poon/carbungc/cdi/images/_notes spanishmex_b.gif.mno
2013.08.09 13:15 B d:\temp\carbungc\cdi\images\spanletter.gif.mno <-- roswell /incoming/poon/carbungc/cdi/images/_notes spanletter.gif.mno
2013.08.09 13:15 B d:\temp\carbungc\cdi\images\spanletter_b.gif.mno <-- roswell /incoming/poon/carbungc/cdi/images/_notes spanletter_b.gif.mno
2013.08.09 13:15 B d:\temp\carbungc\cdi\images\spanreport.gif.mno <-- roswell /incoming/poon/carbungc/cdi/images/_notes spanreport.gif.mno
2013.08.09 13:15 B d:\temp\carbungc\cdi\images\spanreport_b.gif.mno <-- roswell /incoming/poon/carbungc/cdi/images/_notes spanreport_b.gif.mno
2013.08.09 13:15 B d:\temp\carbungc\cdi\images\swedish.gif.mno <-- roswell /incoming/poon/carbungc/cdi/images/_notes swedish.gif.mno
2013.08.09 13:15 B d:\temp\carbungc\cdi\images\swedish_b.gif.mno <-- roswell /incoming/poon/carbungc/cdi/images/_notes swedish_b.gif.mno
2013.08.09 13:15 B d:\temp\carbungc\cdi\images\tamil.gif.mno <-- roswell /incoming/poon/carbungc/cdi/images/_notes tamil.gif.mno
2013.08.09 13:15 B d:\temp\carbungc\cdi\images\tamil_b.gif.mno <-- roswell /incoming/poon/carbungc/cdi/images/_notes tamil_b.gif.mno
2013.08.09 13:15 B d:\temp\carbungc\cdi\images\thai.gif.mno <-- roswell /incoming/poon/carbungc/cdi/images/_notes thai.gif.mno
2013.08.09 13:15 B d:\temp\carbungc\cdi\images\thai_b.gif.mno <-- roswell /incoming/poon/carbungc/cdi/images/_notes thai_b.gif.mno
2013.08.09 13:15 B d:\temp\carbungc\cdi\images\turkish.gif.mno <-- roswell /incoming/poon/carbungc/cdi/images/_notes turkish.gif.mno
2013.08.09 13:15 B d:\temp\carbungc\cdi\images\turkish_b.gif.mno <-- roswell /incoming/poon/carbungc/cdi/images/_notes turkish_b.gif.mno
2013.08.09 13:15 B d:\temp\carbungc\cdi\images\welcome.gif.mno <-- roswell /incoming/poon/carbungc/cdi/images/_notes welcome.gif.mno
2013.08.09 13:15 B d:\temp\carbungc\cdi\images\welsh_english.gif.mno <-- roswell /incoming/poon/carbungc/cdi/images/_notes welsh_english.gif.mno
2013.08.09 13:15 B d:\temp\carbungc\cdi\images\welsh_english_b.gif.mno <-- roswell /incoming/poon/carbungc/cdi/images/_notes welsh_english_b.gif.mno
2013.08.09 13:15 B d:\temp\carbungc\cdi\images\west_african_lang.gif.mno <-- roswell /incoming/poon/carbungc/cdi/images/_notes west_african_lang.gif.mno
2013.08.09 13:15 B d:\temp\carbungc\cdi\images\west_african_lang_b.gif.mno <-- roswell /incoming/poon/carbungc/cdi/images/_notes west_african_lang_b.gif.mno
2013.08.09 13:15 B d:\temp\carbungc\cdi\images\wolof.gif.mno <-- roswell /incoming/poon/carbungc/cdi/images/_notes wolof.gif.mno
2013.08.09 13:15 B d:\temp\carbungc\cdi\images\wolof_b.gif.mno <-- roswell /incoming/poon/carbungc/cdi/images/_notes wolof_b.gif.mno
2013.08.09 13:15 B d:\temp\carbungc\cdi\images\yiddish.gif.mno <-- roswell /incoming/poon/carbungc/cdi/images/_notes yiddish.gif.mno
2013.08.09 13:15 B d:\temp\carbungc\cdi\images\yiddish_b.gif.mno <-- roswell /incoming/poon/carbungc/cdi/images/_notes yiddish_b.gif.mno
2013.08.09 13:15 B d:\temp\carbungc\cdi\images\adaptationol.gif <-- roswell /incoming/poon/carbungc/cdi/images adaptationol.gif
2013.08.09 13:15 B d:\temp\carbungc\cdi\images\adaptationol2.gif <-- roswell /incoming/poon/carbungc/cdi/images adaptationol2.gif
2013.08.09 13:15 B d:\temp\carbungc\cdi\images\advisoryboard.gif <-- roswell /incoming/poon/carbungc/cdi/images advisoryboard.gif
2013.08.09 13:15 B d:\temp\carbungc\cdi\images\advisoryboard2.gif <-- roswell /incoming/poon/carbungc/cdi/images advisoryboard2.gif
2013.08.09 13:15 B d:\temp\carbungc\cdi\images\affricanl.gif <-- roswell /incoming/poon/carbungc/cdi/images affricanl.gif
2013.08.09 13:15 B d:\temp\carbungc\cdi\images\affricanl_b.gif <-- roswell /incoming/poon/carbungc/cdi/images affricanl_b.gif
2013.08.09 13:15 B d:\temp\carbungc\cdi\images\ag.gif <-- roswell /incoming/poon/carbungc/cdi/images ag.gif
2013.08.09 13:15 B d:\temp\carbungc\cdi\images\ag_b.gif <-- roswell /incoming/poon/carbungc/cdi/images ag_b.gif
2013.08.09 13:15 B d:\temp\carbungc\cdi\images\albanian.gif <-- roswell /incoming/poon/carbungc/cdi/images albanian.gif
2013.08.09 13:15 B d:\temp\carbungc\cdi\images\albanian_b.gif <-- roswell /incoming/poon/carbungc/cdi/images albanian_b.gif
2013.08.09 13:15 B d:\temp\carbungc\cdi\images\announcement.gif <-- roswell /incoming/poon/carbungc/cdi/images announcement.gif
2013.08.09 13:15 B d:\temp\carbungc\cdi\images\announcement2.gif <-- roswell /incoming/poon/carbungc/cdi/images announcement2.gif
2013.08.09 13:15 B d:\temp\carbungc\cdi\images\announcements.gif <-- roswell /incoming/poon/carbungc/cdi/images announcements.gif
2013.08.09 13:15 B d:\temp\carbungc\cdi\images\announcements2.gif <-- roswell /incoming/poon/carbungc/cdi/images announcements2.gif
2013.08.09 13:15 B d:\temp\carbungc\cdi\images\arabic.gif <-- roswell /incoming/poon/carbungc/cdi/images arabic.gif
2013.08.09 13:15 B d:\temp\carbungc\cdi\images\arabic_b.gif <-- roswell /incoming/poon/carbungc/cdi/images arabic_b.gif
2013.08.09 13:15 B d:\temp\carbungc\cdi\images\arrows.gif <-- roswell /incoming/poon/carbungc/cdi/images arrows.gif
2013.08.09 13:15 B d:\temp\carbungc\cdi\images\asl.gif <-- roswell /incoming/poon/carbungc/cdi/images asl.gif
2013.08.09 13:15 B d:\temp\carbungc\cdi\images\asl_b.gif <-- roswell /incoming/poon/carbungc/cdi/images asl_b.gif
2013.08.09 13:15 B d:\temp\carbungc\cdi\images\b.gif <-- roswell /incoming/poon/carbungc/cdi/images b.gif
2013.08.09 13:15 B d:\temp\carbungc\cdi\images\b_b.gif <-- roswell /incoming/poon/carbungc/cdi/images b_b.gif
2013.08.09 13:15 B d:\temp\carbungc\cdi\images\bahasam.gif <-- roswell /incoming/poon/carbungc/cdi/images bahasam.gif
2013.08.09 13:15 B d:\temp\carbungc\cdi\images\bahasam_b.gif <-- roswell /incoming/poon/carbungc/cdi/images bahasam_b.gif
2013.08.09 13:15 B d:\temp\carbungc\cdi\images\bangladesh.gif <-- roswell /incoming/poon/carbungc/cdi/images bangladesh.gif
2013.08.09 13:15 B d:\temp\carbungc\cdi\images\bangladesh_b.gif <-- roswell /incoming/poon/carbungc/cdi/images bangladesh_b.gif
2013.08.09 13:15 B d:\temp\carbungc\cdi\images\bates_announcement.gif <-- roswell /incoming/poon/carbungc/cdi/images bates_announcement.gif
2013.08.09 13:15 B d:\temp\carbungc\cdi\images\bates_announcement.jpg <-- roswell /incoming/poon/carbungc/cdi/images bates_announcement.jpg
2013.08.09 13:15 B d:\temp\carbungc\cdi\images\bates_title.gif <-- roswell /incoming/poon/carbungc/cdi/images bates_title.gif
2013.08.09 13:15 B d:\temp\carbungc\cdi\images\Bear.gif <-- roswell /incoming/poon/carbungc/cdi/images Bear.gif
2013.08.09 13:15 B d:\temp\carbungc\cdi\images\bearpuzzle.swf <-- roswell /incoming/poon/carbungc/cdi/images bearpuzzle.swf
2013.08.09 13:15 B d:\temp\carbungc\cdi\images\bearpuzzlemovie.html <-- roswell /incoming/poon/carbungc/cdi/images bearpuzzlemovie.html
2013.08.09 13:15 B d:\temp\carbungc\cdi\images\bengali.gif <-- roswell /incoming/poon/carbungc/cdi/images bengali.gif
2013.08.09 13:15 B d:\temp\carbungc\cdi\images\bengali_b.gif <-- roswell /incoming/poon/carbungc/cdi/images bengali_b.gif
2013.08.09 13:15 B d:\temp\carbungc\cdi\images\Bg.gif <-- roswell /incoming/poon/carbungc/cdi/images Bg.gif
2013.08.09 13:15 B d:\temp\carbungc\cdi\images\border.gif <-- roswell /incoming/poon/carbungc/cdi/images border.gif
2013.08.09 13:15 B d:\temp\carbungc\cdi\images\border2.gif <-- roswell /incoming/poon/carbungc/cdi/images border2.gif
2013.08.09 13:15 B d:\temp\carbungc\cdi\images\bottom.gif <-- roswell /incoming/poon/carbungc/cdi/images bottom.gif
2013.08.09 13:15 B d:\temp\carbungc\cdi\images\bottom2.gif <-- roswell /incoming/poon/carbungc/cdi/images bottom2.gif
2013.08.09 13:15 B d:\temp\carbungc\cdi\images\bullet.gif <-- roswell /incoming/poon/carbungc/cdi/images bullet.gif
2013.08.09 13:15 B d:\temp\carbungc\cdi\images\bullet1.gif <-- roswell /incoming/poon/carbungc/cdi/images bullet1.gif
2013.08.09 13:15 B d:\temp\carbungc\cdi\images\bullet2.gif <-- roswell /incoming/poon/carbungc/cdi/images bullet2.gif
2013.08.09 13:15 B d:\temp\carbungc\cdi\images\bullet3.gif <-- roswell /incoming/poon/carbungc/cdi/images bullet3.gif
2013.08.09 13:15 B d:\temp\carbungc\cdi\images\button1.gif <-- roswell /incoming/poon/carbungc/cdi/images button1.gif
2013.08.09 13:15 B d:\temp\carbungc\cdi\images\buttonwelcometop.gif <-- roswell /incoming/poon/carbungc/cdi/images buttonwelcometop.gif
2013.08.09 13:15 B d:\temp\carbungc\cdi\images\buttonwelcometop2.gif <-- roswell /incoming/poon/carbungc/cdi/images buttonwelcometop2.gif
2013.08.09 13:15 B d:\temp\carbungc\cdi\images\c.gif <-- roswell /incoming/poon/carbungc/cdi/images c.gif
2013.08.09 13:15 B d:\temp\carbungc\cdi\images\c_b.gif <-- roswell /incoming/poon/carbungc/cdi/images c_b.gif
2013.08.09 13:15 B d:\temp\carbungc\cdi\images\cantonese.gif <-- roswell /incoming/poon/carbungc/cdi/images cantonese.gif
2013.08.09 13:15 B d:\temp\carbungc\cdi\images\cantonese_b.gif <-- roswell /incoming/poon/carbungc/cdi/images cantonese_b.gif
2013.08.09 13:15 B d:\temp\carbungc\cdi\images\cdi.gif <-- roswell /incoming/poon/carbungc/cdi/images cdi.gif
2013.08.09 13:15 B d:\temp\carbungc\cdi\images\cdi3.gif <-- roswell /incoming/poon/carbungc/cdi/images cdi3.gif
2013.08.09 13:15 B d:\temp\carbungc\cdi\images\cdi3_2.gif <-- roswell /incoming/poon/carbungc/cdi/images cdi3_2.gif
2013.08.09 13:15 B d:\temp\carbungc\cdi\images\cdi_s.gif <-- roswell /incoming/poon/carbungc/cdi/images cdi_s.gif
2013.08.09 13:15 B d:\temp\carbungc\cdi\images\cdibear.gif <-- roswell /incoming/poon/carbungc/cdi/images cdibear.gif
2013.08.09 13:15 B d:\temp\carbungc\cdi\images\cdibear.jpg <-- roswell /incoming/poon/carbungc/cdi/images cdibear.jpg
2013.08.09 13:15 B d:\temp\carbungc\cdi\images\cdibearb.gif <-- roswell /incoming/poon/carbungc/cdi/images cdibearb.gif
2013.08.09 13:15 B d:\temp\carbungc\cdi\images\cdibears.jpg <-- roswell /incoming/poon/carbungc/cdi/images cdibears.jpg
2013.08.09 13:15 B d:\temp\carbungc\cdi\images\cdibears.swf <-- roswell /incoming/poon/carbungc/cdi/images cdibears.swf
2013.08.09 13:15 B d:\temp\carbungc\cdi\images\cdihierarchical.png <-- roswell /incoming/poon/carbungc/cdi/images cdihierarchical.png
2013.08.09 13:15 B d:\temp\carbungc\cdi\images\cdinavigation.htm <-- roswell /incoming/poon/carbungc/cdi/images cdinavigation.htm
2013.08.09 13:15 B d:\temp\carbungc\cdi\images\cdinavigation_r1_c1.gif <-- roswell /incoming/poon/carbungc/cdi/images cdinavigation_r1_c1.gif
2013.08.09 13:15 B d:\temp\carbungc\cdi\images\cdinavigation_r2_c1.gif <-- roswell /incoming/poon/carbungc/cdi/images cdinavigation_r2_c1.gif
2013.08.09 13:15 B d:\temp\carbungc\cdi\images\cdinavigation_r2_c10.gif <-- roswell /incoming/poon/carbungc/cdi/images cdinavigation_r2_c10.gif
2013.08.09 13:15 B d:\temp\carbungc\cdi\images\cdinavigation_r2_c10_f2.gif <-- roswell /incoming/poon/carbungc/cdi/images cdinavigation_r2_c10_f2.gif
2013.08.09 13:15 B d:\temp\carbungc\cdi\images\cdinavigation_r2_c11.gif <-- roswell /incoming/poon/carbungc/cdi/images cdinavigation_r2_c11.gif
2013.08.09 13:15 B d:\temp\carbungc\cdi\images\cdinavigation_r2_c11_f2.gif <-- roswell /incoming/poon/carbungc/cdi/images cdinavigation_r2_c11_f2.gif
2013.08.09 13:15 B d:\temp\carbungc\cdi\images\cdinavigation_r2_c1_f2.gif <-- roswell /incoming/poon/carbungc/cdi/images cdinavigation_r2_c1_f2.gif
2013.08.09 13:15 B d:\temp\carbungc\cdi\images\cdinavigation_r2_c2.gif <-- roswell /incoming/poon/carbungc/cdi/images cdinavigation_r2_c2.gif
2013.08.09 13:15 B d:\temp\carbungc\cdi\images\cdinavigation_r2_c2_f2.gif <-- roswell /incoming/poon/carbungc/cdi/images cdinavigation_r2_c2_f2.gif
2013.08.09 13:15 B d:\temp\carbungc\cdi\images\cdinavigation_r2_c3.gif <-- roswell /incoming/poon/carbungc/cdi/images cdinavigation_r2_c3.gif
2013.08.09 13:15 B d:\temp\carbungc\cdi\images\cdinavigation_r2_c3_f2.gif <-- roswell /incoming/poon/carbungc/cdi/images cdinavigation_r2_c3_f2.gif
2013.08.09 13:15 B d:\temp\carbungc\cdi\images\cdinavigation_r2_c4.gif <-- roswell /incoming/poon/carbungc/cdi/images cdinavigation_r2_c4.gif
2013.08.09 13:15 B d:\temp\carbungc\cdi\images\cdinavigation_r2_c4_f2.gif <-- roswell /incoming/poon/carbungc/cdi/images cdinavigation_r2_c4_f2.gif
2013.08.09 13:15 B d:\temp\carbungc\cdi\images\cdinavigation_r2_c5.gif <-- roswell /incoming/poon/carbungc/cdi/images cdinavigation_r2_c5.gif
2013.08.09 13:15 B d:\temp\carbungc\cdi\images\cdinavigation_r2_c5_f2.gif <-- roswell /incoming/poon/carbungc/cdi/images cdinavigation_r2_c5_f2.gif
2013.08.09 13:15 B d:\temp\carbungc\cdi\images\cdinavigation_r2_c6.gif <-- roswell /incoming/poon/carbungc/cdi/images cdinavigation_r2_c6.gif
2013.08.09 13:15 B d:\temp\carbungc\cdi\images\cdinavigation_r2_c6_f2.gif <-- roswell /incoming/poon/carbungc/cdi/images cdinavigation_r2_c6_f2.gif
2013.08.09 13:15 B d:\temp\carbungc\cdi\images\cdinavigation_r2_c7.gif <-- roswell /incoming/poon/carbungc/cdi/images cdinavigation_r2_c7.gif
2013.08.09 13:15 B d:\temp\carbungc\cdi\images\cdinavigation_r2_c7_f2.gif <-- roswell /incoming/poon/carbungc/cdi/images cdinavigation_r2_c7_f2.gif
2013.08.09 13:15 B d:\temp\carbungc\cdi\images\cdinavigation_r2_c8.gif <-- roswell /incoming/poon/carbungc/cdi/images cdinavigation_r2_c8.gif
2013.08.09 13:15 B d:\temp\carbungc\cdi\images\cdinavigation_r2_c8_f2.gif <-- roswell /incoming/poon/carbungc/cdi/images cdinavigation_r2_c8_f2.gif
2013.08.09 13:15 B d:\temp\carbungc\cdi\images\cdinavigation_r2_c9.gif <-- roswell /incoming/poon/carbungc/cdi/images cdinavigation_r2_c9.gif
2013.08.09 13:15 B d:\temp\carbungc\cdi\images\cdinavigation_r2_c9_f2.gif <-- roswell /incoming/poon/carbungc/cdi/images cdinavigation_r2_c9_f2.gif
2013.08.09 13:15 B d:\temp\carbungc\cdi\images\cdinavigation_r3_c1.gif <-- roswell /incoming/poon/carbungc/cdi/images cdinavigation_r3_c1.gif
2013.08.09 13:15 B d:\temp\carbungc\cdi\images\cdinavigation_r3_c2.gif <-- roswell /incoming/poon/carbungc/cdi/images cdinavigation_r3_c2.gif
2013.08.09 13:15 B d:\temp\carbungc\cdi\images\cdinavigation_r6_c2_f2.gif <-- roswell /incoming/poon/carbungc/cdi/images cdinavigation_r6_c2_f2.gif
2013.08.09 13:16 B d:\temp\carbungc\cdi\images\cdinavigation_r6_c3.gif <-- roswell /incoming/poon/carbungc/cdi/images cdinavigation_r6_c3.gif
2013.08.09 13:16 B d:\temp\carbungc\cdi\images\cdinavigation_r6_c3_f2.gif <-- roswell /incoming/poon/carbungc/cdi/images cdinavigation_r6_c3_f2.gif
2013.08.09 13:16 B d:\temp\carbungc\cdi\images\cdinavigation_r7_c3.gif <-- roswell /incoming/poon/carbungc/cdi/images cdinavigation_r7_c3.gif
2013.08.09 13:16 B d:\temp\carbungc\cdi\images\cdinavigation_r8_c3.gif <-- roswell /incoming/poon/carbungc/cdi/images cdinavigation_r8_c3.gif
2013.08.09 13:16 B d:\temp\carbungc\cdi\images\cdinavigation_r8_c3_f2.gif <-- roswell /incoming/poon/carbungc/cdi/images cdinavigation_r8_c3_f2.gif
2013.08.09 13:16 B d:\temp\carbungc\cdi\images\cdiol.gif <-- roswell /incoming/poon/carbungc/cdi/images cdiol.gif
2013.08.09 13:16 B d:\temp\carbungc\cdi\images\cdiol2.gif <-- roswell /incoming/poon/carbungc/cdi/images cdiol2.gif
2013.08.09 13:16 B d:\temp\carbungc\cdi\images\cdititle.gif <-- roswell /incoming/poon/carbungc/cdi/images cdititle.gif
2013.08.09 13:16 B d:\temp\carbungc\cdi\images\cdititle2.gif <-- roswell /incoming/poon/carbungc/cdi/images cdititle2.gif
2013.08.09 13:16 B d:\temp\carbungc\cdi\images\ch.gif <-- roswell /incoming/poon/carbungc/cdi/images ch.gif
2013.08.09 13:16 B d:\temp\carbungc\cdi\images\ch_b.gif <-- roswell /incoming/poon/carbungc/cdi/images ch_b.gif
2013.08.09 13:16 B d:\temp\carbungc\cdi\images\chichewa_nyanja.gif <-- roswell /incoming/poon/carbungc/cdi/images chichewa_nyanja.gif
2013.08.09 13:16 B d:\temp\carbungc\cdi\images\chichewa_nyanja_b.gif <-- roswell /incoming/poon/carbungc/cdi/images chichewa_nyanja_b.gif
2013.08.09 13:16 B d:\temp\carbungc\cdi\images\chiyao.gif <-- roswell /incoming/poon/carbungc/cdi/images chiyao.gif
2013.08.09 13:16 B d:\temp\carbungc\cdi\images\chiyao_b.gif <-- roswell /incoming/poon/carbungc/cdi/images chiyao_b.gif
2013.08.09 13:16 B d:\temp\carbungc\cdi\images\compositeletter.gif <-- roswell /incoming/poon/carbungc/cdi/images compositeletter.gif
2013.08.09 13:16 B d:\temp\carbungc\cdi\images\compositeletter_b.gif <-- roswell /incoming/poon/carbungc/cdi/images compositeletter_b.gif
2013.08.09 13:16 B d:\temp\carbungc\cdi\images\compositereport.gif <-- roswell /incoming/poon/carbungc/cdi/images compositereport.gif
2013.08.09 13:16 B d:\temp\carbungc\cdi\images\compositereport_b.gif <-- roswell /incoming/poon/carbungc/cdi/images compositereport_b.gif
2013.08.09 13:16 B d:\temp\carbungc\cdi\images\contactus.gif <-- roswell /incoming/poon/carbungc/cdi/images contactus.gif
2013.08.09 13:16 B d:\temp\carbungc\cdi\images\contactus2.gif <-- roswell /incoming/poon/carbungc/cdi/images contactus2.gif
2013.08.09 13:16 B d:\temp\carbungc\cdi\images\continue.gif <-- roswell /incoming/poon/carbungc/cdi/images continue.gif
2013.08.09 13:16 B d:\temp\carbungc\cdi\images\continue2.gif <-- roswell /incoming/poon/carbungc/cdi/images continue2.gif
2013.08.09 13:16 B d:\temp\carbungc\cdi\images\copyrights_disclaimers.gif <-- roswell /incoming/poon/carbungc/cdi/images copyrights_disclaimers.gif
2013.08.09 13:16 B d:\temp\carbungc\cdi\images\copyrights_disclaimers2.gif <-- roswell /incoming/poon/carbungc/cdi/images copyrights_disclaimers2.gif
2013.08.09 13:16 B d:\temp\carbungc\cdi\images\cro.gif <-- roswell /incoming/poon/carbungc/cdi/images cro.gif
2013.08.09 13:16 B d:\temp\carbungc\cdi\images\cro_b.gif <-- roswell /incoming/poon/carbungc/cdi/images cro_b.gif
2013.08.09 13:16 B d:\temp\carbungc\cdi\images\cypriot_greek.gif <-- roswell /incoming/poon/carbungc/cdi/images cypriot_greek.gif
2013.08.09 13:16 B d:\temp\carbungc\cdi\images\cypriot_greek_b.gif <-- roswell /incoming/poon/carbungc/cdi/images cypriot_greek_b.gif
2013.08.09 13:16 B d:\temp\carbungc\cdi\images\czech.gif <-- roswell /incoming/poon/carbungc/cdi/images czech.gif
2013.08.09 13:16 B d:\temp\carbungc\cdi\images\czech_b.gif <-- roswell /incoming/poon/carbungc/cdi/images czech_b.gif
2013.08.09 13:16 B d:\temp\carbungc\cdi\images\danish.gif <-- roswell /incoming/poon/carbungc/cdi/images danish.gif
2013.08.09 13:16 B d:\temp\carbungc\cdi\images\danish_b.gif <-- roswell /incoming/poon/carbungc/cdi/images danish_b.gif
2013.08.09 13:16 B d:\temp\carbungc\cdi\images\dedication1.gif <-- roswell /incoming/poon/carbungc/cdi/images dedication1.gif
2013.08.09 13:16 B d:\temp\carbungc\cdi\images\dedication2.gif <-- roswell /incoming/poon/carbungc/cdi/images dedication2.gif
2013.08.09 13:16 B d:\temp\carbungc\cdi\images\definition.gif <-- roswell /incoming/poon/carbungc/cdi/images definition.gif
2013.08.09 13:16 B d:\temp\carbungc\cdi\images\downloadscoringp.gif <-- roswell /incoming/poon/carbungc/cdi/images downloadscoringp.gif
2013.08.09 13:16 B d:\temp\carbungc\cdi\images\downloadscoringp2.gif <-- roswell /incoming/poon/carbungc/cdi/images downloadscoringp2.gif
2013.08.09 13:16 B d:\temp\carbungc\cdi\images\dutch.gif <-- roswell /incoming/poon/carbungc/cdi/images dutch.gif
2013.08.09 13:16 B d:\temp\carbungc\cdi\images\dutch_b.gif <-- roswell /incoming/poon/carbungc/cdi/images dutch_b.gif
2013.08.09 13:16 B d:\temp\carbungc\cdi\images\engbritish.gif <-- roswell /incoming/poon/carbungc/cdi/images engbritish.gif
2013.08.09 13:16 B d:\temp\carbungc\cdi\images\engbritish_b.gif <-- roswell /incoming/poon/carbungc/cdi/images engbritish_b.gif
2013.08.09 13:16 B d:\temp\carbungc\cdi\images\engletter.gif <-- roswell /incoming/poon/carbungc/cdi/images engletter.gif
2013.08.09 13:16 B d:\temp\carbungc\cdi\images\engletter_b.gif <-- roswell /incoming/poon/carbungc/cdi/images engletter_b.gif
2013.08.09 13:16 B d:\temp\carbungc\cdi\images\engnewz.gif <-- roswell /incoming/poon/carbungc/cdi/images engnewz.gif
2013.08.09 13:16 B d:\temp\carbungc\cdi\images\engnewz_b.gif <-- roswell /incoming/poon/carbungc/cdi/images engnewz_b.gif
2013.08.09 13:16 B d:\temp\carbungc\cdi\images\engreport.gif <-- roswell /incoming/poon/carbungc/cdi/images engreport.gif
2013.08.09 13:16 B d:\temp\carbungc\cdi\images\engreport_b.gif <-- roswell /incoming/poon/carbungc/cdi/images engreport_b.gif
2013.08.09 13:16 B d:\temp\carbungc\cdi\images\engsingapore.gif <-- roswell /incoming/poon/carbungc/cdi/images engsingapore.gif
2013.08.09 13:16 B d:\temp\carbungc\cdi\images\engsingapore_b.gif <-- roswell /incoming/poon/carbungc/cdi/images engsingapore_b.gif
2013.08.09 13:16 B d:\temp\carbungc\cdi\images\entersite.gif <-- roswell /incoming/poon/carbungc/cdi/images entersite.gif
2013.08.09 13:16 B d:\temp\carbungc\cdi\images\entersite2.gif <-- roswell /incoming/poon/carbungc/cdi/images entersite2.gif
2013.08.09 13:16 B d:\temp\carbungc\cdi\images\farsi.gif <-- roswell /incoming/poon/carbungc/cdi/images farsi.gif
2013.08.09 13:16 B d:\temp\carbungc\cdi\images\farsi_b.gif <-- roswell /incoming/poon/carbungc/cdi/images farsi_b.gif
2013.08.09 13:16 B d:\temp\carbungc\cdi\images\finnish.gif <-- roswell /incoming/poon/carbungc/cdi/images finnish.gif
2013.08.09 13:16 B d:\temp\carbungc\cdi\images\finnish_b.gif <-- roswell /incoming/poon/carbungc/cdi/images finnish_b.gif
2013.08.09 13:16 B d:\temp\carbungc\cdi\images\finnish_sf.gif <-- roswell /incoming/poon/carbungc/cdi/images finnish_sf.gif
2013.08.09 13:16 B d:\temp\carbungc\cdi\images\finnish_sf_b.gif <-- roswell /incoming/poon/carbungc/cdi/images finnish_sf_b.gif
2013.08.09 13:16 B d:\temp\carbungc\cdi\images\flashbear2.swf <-- roswell /incoming/poon/carbungc/cdi/images flashbear2.swf
2013.08.09 13:16 B d:\temp\carbungc\cdi\images\forms.gif <-- roswell /incoming/poon/carbungc/cdi/images forms.gif
2013.08.09 13:16 B d:\temp\carbungc\cdi\images\forms1.jpg <-- roswell /incoming/poon/carbungc/cdi/images forms1.jpg
2013.08.09 13:16 B d:\temp\carbungc\cdi\images\forms2.gif <-- roswell /incoming/poon/carbungc/cdi/images forms2.gif
2013.08.09 13:16 B d:\temp\carbungc\cdi\images\frenchcan.gif <-- roswell /incoming/poon/carbungc/cdi/images frenchcan.gif
2013.08.09 13:16 B d:\temp\carbungc\cdi\images\frenchcan_b.gif <-- roswell /incoming/poon/carbungc/cdi/images frenchcan_b.gif
2013.08.09 13:16 B d:\temp\carbungc\cdi\images\frencheuropean.gif <-- roswell /incoming/poon/carbungc/cdi/images frencheuropean.gif
2013.08.09 13:16 B d:\temp\carbungc\cdi\images\frencheuropean_b.gif <-- roswell /incoming/poon/carbungc/cdi/images frencheuropean_b.gif
2013.08.09 13:16 B d:\temp\carbungc\cdi\images\full_e.gif <-- roswell /incoming/poon/carbungc/cdi/images full_e.gif
2013.08.09 13:16 B d:\temp\carbungc\cdi\images\full_s.gif <-- roswell /incoming/poon/carbungc/cdi/images full_s.gif
2013.08.09 13:16 B d:\temp\carbungc\cdi\images\fullenglish.gif <-- roswell /incoming/poon/carbungc/cdi/images fullenglish.gif
2013.08.09 13:16 B d:\temp\carbungc\cdi\images\fullenglish2.gif <-- roswell /incoming/poon/carbungc/cdi/images fullenglish2.gif
2013.08.09 13:16 B d:\temp\carbungc\cdi\images\fullenglishreferences.gif <-- roswell /incoming/poon/carbungc/cdi/images fullenglishreferences.gif
2013.08.09 13:16 B d:\temp\carbungc\cdi\images\fullenglishreferences2.gif <-- roswell /incoming/poon/carbungc/cdi/images fullenglishreferences2.gif
2013.08.09 13:16 B d:\temp\carbungc\cdi\images\fullspanish.gif <-- roswell /incoming/poon/carbungc/cdi/images fullspanish.gif
2013.08.09 13:16 B d:\temp\carbungc\cdi\images\fullspanish2.gif <-- roswell /incoming/poon/carbungc/cdi/images fullspanish2.gif
2013.08.09 13:16 B d:\temp\carbungc\cdi\images\fullspanishreferences.gif <-- roswell /incoming/poon/carbungc/cdi/images fullspanishreferences.gif
2013.08.09 13:16 B d:\temp\carbungc\cdi\images\fullspanishreferences2.gif <-- roswell /incoming/poon/carbungc/cdi/images fullspanishreferences2.gif
2013.08.09 13:16 B d:\temp\carbungc\cdi\images\fw_menu.js <-- roswell /incoming/poon/carbungc/cdi/images fw_menu.js
2013.08.09 13:16 B d:\temp\carbungc\cdi\images\galician.gif <-- roswell /incoming/poon/carbungc/cdi/images galician.gif
2013.08.09 13:16 B d:\temp\carbungc\cdi\images\galician_b.gif <-- roswell /incoming/poon/carbungc/cdi/images galician_b.gif
2013.08.09 13:16 B d:\temp\carbungc\cdi\images\german.gif <-- roswell /incoming/poon/carbungc/cdi/images german.gif
2013.08.09 13:16 B d:\temp\carbungc\cdi\images\german_b.gif <-- roswell /incoming/poon/carbungc/cdi/images german_b.gif
2013.08.09 13:16 B d:\temp\carbungc\cdi\images\germana.gif <-- roswell /incoming/poon/carbungc/cdi/images germana.gif
2013.08.09 13:16 B d:\temp\carbungc\cdi\images\germana_b.gif <-- roswell /incoming/poon/carbungc/cdi/images germana_b.gif
2013.08.09 13:16 B d:\temp\carbungc\cdi\images\greek.gif <-- roswell /incoming/poon/carbungc/cdi/images greek.gif
2013.08.09 13:16 B d:\temp\carbungc\cdi\images\greek_b.gif <-- roswell /incoming/poon/carbungc/cdi/images greek_b.gif
2013.08.09 13:16 B d:\temp\carbungc\cdi\images\guidadapt.jpg <-- roswell /incoming/poon/carbungc/cdi/images guidadapt.jpg
2013.08.09 13:16 B d:\temp\carbungc\cdi\images\hebrew.gif <-- roswell /incoming/poon/carbungc/cdi/images hebrew.gif
2013.08.09 13:16 B d:\temp\carbungc\cdi\images\hebrew_b.gif <-- roswell /incoming/poon/carbungc/cdi/images hebrew_b.gif
2013.08.09 13:16 B d:\temp\carbungc\cdi\images\home.gif <-- roswell /incoming/poon/carbungc/cdi/images home.gif
2013.08.09 13:16 B d:\temp\carbungc\cdi\images\home_b.gif <-- roswell /incoming/poon/carbungc/cdi/images home_b.gif
2013.08.09 13:16 B d:\temp\carbungc\cdi\images\hori_line.gif <-- roswell /incoming/poon/carbungc/cdi/images hori_line.gif
2013.08.09 13:16 B d:\temp\carbungc\cdi\images\hori_lines.gif <-- roswell /incoming/poon/carbungc/cdi/images hori_lines.gif
2013.08.09 13:16 B d:\temp\carbungc\cdi\images\hungarian.gif <-- roswell /incoming/poon/carbungc/cdi/images hungarian.gif
2013.08.09 13:16 B d:\temp\carbungc\cdi\images\hungarian_b.gif <-- roswell /incoming/poon/carbungc/cdi/images hungarian_b.gif
2013.08.09 13:16 B d:\temp\carbungc\cdi\images\icelandic.gif <-- roswell /incoming/poon/carbungc/cdi/images icelandic.gif
2013.08.09 13:16 B d:\temp\carbungc\cdi\images\icelandic_b.gif <-- roswell /incoming/poon/carbungc/cdi/images icelandic_b.gif
2013.08.09 13:16 B d:\temp\carbungc\cdi\images\irish.gif <-- roswell /incoming/poon/carbungc/cdi/images irish.gif
2013.08.09 13:16 B d:\temp\carbungc\cdi\images\irish_b.gif <-- roswell /incoming/poon/carbungc/cdi/images irish_b.gif
2013.08.09 13:16 B d:\temp\carbungc\cdi\images\italian.gif <-- roswell /incoming/poon/carbungc/cdi/images italian.gif
2013.08.09 13:16 B d:\temp\carbungc\cdi\images\italian_b.gif <-- roswell /incoming/poon/carbungc/cdi/images italian_b.gif
2013.08.09 13:16 B d:\temp\carbungc\cdi\images\japanes.gif <-- roswell /incoming/poon/carbungc/cdi/images japanes.gif
2013.08.09 13:16 B d:\temp\carbungc\cdi\images\japanes_b.gif <-- roswell /incoming/poon/carbungc/cdi/images japanes_b.gif
2013.08.09 13:16 B d:\temp\carbungc\cdi\images\kiswahili.gif <-- roswell /incoming/poon/carbungc/cdi/images kiswahili.gif
2013.08.09 13:16 B d:\temp\carbungc\cdi\images\kiswahili_b.gif <-- roswell /incoming/poon/carbungc/cdi/images kiswahili_b.gif
2013.08.09 13:16 B d:\temp\carbungc\cdi\images\korean.gif <-- roswell /incoming/poon/carbungc/cdi/images korean.gif
2013.08.09 13:16 B d:\temp\carbungc\cdi\images\korean_b.gif <-- roswell /incoming/poon/carbungc/cdi/images korean_b.gif
2013.08.09 13:16 B d:\temp\carbungc\cdi\images\lexicaleng.gif <-- roswell /incoming/poon/carbungc/cdi/images lexicaleng.gif
2013.08.09 13:16 B d:\temp\carbungc\cdi\images\lexicaleng2.gif <-- roswell /incoming/poon/carbungc/cdi/images lexicaleng2.gif
2013.08.09 13:16 B d:\temp\carbungc\cdi\images\lexicaleng2.jpg <-- roswell /incoming/poon/carbungc/cdi/images lexicaleng2.jpg
2013.08.09 13:16 B d:\temp\carbungc\cdi\images\lexicalpage.gif <-- roswell /incoming/poon/carbungc/cdi/images lexicalpage.gif
2013.08.09 13:16 B d:\temp\carbungc\cdi\images\lexicalspan.gif <-- roswell /incoming/poon/carbungc/cdi/images lexicalspan.gif
2013.08.09 13:16 B d:\temp\carbungc\cdi\images\lexicalspan2.gif <-- roswell /incoming/poon/carbungc/cdi/images lexicalspan2.gif
2013.08.09 13:16 B d:\temp\carbungc\cdi\images\m.gif <-- roswell /incoming/poon/carbungc/cdi/images m.gif
2013.08.09 13:16 B d:\temp\carbungc\cdi\images\m_b.gif <-- roswell /incoming/poon/carbungc/cdi/images m_b.gif
2013.08.09 13:16 B d:\temp\carbungc\cdi\images\macarthur_spain.jpg <-- roswell /incoming/poon/carbungc/cdi/images macarthur_spain.jpg
2013.08.09 13:16 B d:\temp\carbungc\cdi\images\malawian.gif <-- roswell /incoming/poon/carbungc/cdi/images malawian.gif
2013.08.09 13:16 B d:\temp\carbungc\cdi\images\malawian_b.gif <-- roswell /incoming/poon/carbungc/cdi/images malawian_b.gif
2013.08.09 13:16 B d:\temp\carbungc\cdi\images\malay.gif <-- roswell /incoming/poon/carbungc/cdi/images malay.gif
2013.08.09 13:16 B d:\temp\carbungc\cdi\images\malay_b.gif <-- roswell /incoming/poon/carbungc/cdi/images malay_b.gif
2013.08.09 13:16 B d:\temp\carbungc\cdi\images\maltese.gif <-- roswell /incoming/poon/carbungc/cdi/images maltese.gif
2013.08.09 13:16 B d:\temp\carbungc\cdi\images\maltese_b.gif <-- roswell /incoming/poon/carbungc/cdi/images maltese_b.gif
2013.08.09 13:16 B d:\temp\carbungc\cdi\images\mandarin_t.gif <-- roswell /incoming/poon/carbungc/cdi/images mandarin_t.gif
2013.08.09 13:16 B d:\temp\carbungc\cdi\images\mandarins.gif <-- roswell /incoming/poon/carbungc/cdi/images mandarins.gif
2013.08.09 13:16 B d:\temp\carbungc\cdi\images\mandarins_b.gif <-- roswell /incoming/poon/carbungc/cdi/images mandarins_b.gif
2013.08.09 13:16 B d:\temp\carbungc\cdi\images\mandarint_b.gif <-- roswell /incoming/poon/carbungc/cdi/images mandarint_b.gif
2013.08.09 13:16 B d:\temp\carbungc\cdi\images\NewCDIDev1.gif <-- roswell /incoming/poon/carbungc/cdi/images NewCDIDev1.gif
2013.08.09 13:16 B d:\temp\carbungc\cdi\images\NewCDIDev2.gif <-- roswell /incoming/poon/carbungc/cdi/images NewCDIDev2.gif
2013.08.09 13:16 B d:\temp\carbungc\cdi\images\nfeatures1.gif <-- roswell /incoming/poon/carbungc/cdi/images nfeatures1.gif
2013.08.09 13:16 B d:\temp\carbungc\cdi\images\nfeatures2.gif <-- roswell /incoming/poon/carbungc/cdi/images nfeatures2.gif
2013.08.09 13:16 B d:\temp\carbungc\cdi\images\north_sami.gif <-- roswell /incoming/poon/carbungc/cdi/images north_sami.gif
2013.08.09 13:16 B d:\temp\carbungc\cdi\images\north_sami_b.gif <-- roswell /incoming/poon/carbungc/cdi/images north_sami_b.gif
2013.08.09 13:16 B d:\temp\carbungc\cdi\images\norwegian.gif <-- roswell /incoming/poon/carbungc/cdi/images norwegian.gif
2013.08.09 13:16 B d:\temp\carbungc\cdi\images\norwegian_b.gif <-- roswell /incoming/poon/carbungc/cdi/images norwegian_b.gif
2013.08.09 13:16 B d:\temp\carbungc\cdi\images\otherlinks.gif <-- roswell /incoming/poon/carbungc/cdi/images otherlinks.gif
2013.08.09 13:16 B d:\temp\carbungc\cdi\images\otherlinks2.gif <-- roswell /incoming/poon/carbungc/cdi/images otherlinks2.gif
2013.08.09 13:16 B d:\temp\carbungc\cdi\images\palabrasyenunciados.gif <-- roswell /incoming/poon/carbungc/cdi/images palabrasyenunciados.gif
2013.08.09 13:16 B d:\temp\carbungc\cdi\images\persian.gif <-- roswell /incoming/poon/carbungc/cdi/images persian.gif
2013.08.09 13:16 B d:\temp\carbungc\cdi\images\persian_b.gif <-- roswell /incoming/poon/carbungc/cdi/images persian_b.gif
2013.08.09 13:16 B d:\temp\carbungc\cdi\images\polish.gif <-- roswell /incoming/poon/carbungc/cdi/images polish.gif
2013.08.09 13:16 B d:\temp\carbungc\cdi\images\polish_b.gif <-- roswell /incoming/poon/carbungc/cdi/images polish_b.gif
2013.08.09 13:16 B d:\temp\carbungc\cdi\images\portugbraz.gif <-- roswell /incoming/poon/carbungc/cdi/images portugbraz.gif
2013.08.09 13:16 B d:\temp\carbungc\cdi\images\portugbraz_b.gif <-- roswell /incoming/poon/carbungc/cdi/images portugbraz_b.gif
2013.08.09 13:16 B d:\temp\carbungc\cdi\images\portuguese.gif <-- roswell /incoming/poon/carbungc/cdi/images portuguese.gif
2013.08.09 13:16 B d:\temp\carbungc\cdi\images\portuguese_b.gif <-- roswell /incoming/poon/carbungc/cdi/images portuguese_b.gif
2013.08.09 13:16 B d:\temp\carbungc\cdi\images\portuguese_e.gif <-- roswell /incoming/poon/carbungc/cdi/images portuguese_e.gif
2013.08.09 13:16 B d:\temp\carbungc\cdi\images\portuguese_e_b.gif <-- roswell /incoming/poon/carbungc/cdi/images portuguese_e_b.gif
2013.08.09 13:16 B d:\temp\carbungc\cdi\images\puzzle4.swf <-- roswell /incoming/poon/carbungc/cdi/images puzzle4.swf
2013.08.09 13:16 B d:\temp\carbungc\cdi\images\romani.gif <-- roswell /incoming/poon/carbungc/cdi/images romani.gif
2013.08.09 13:16 B d:\temp\carbungc\cdi\images\romani_b.gif <-- roswell /incoming/poon/carbungc/cdi/images romani_b.gif
2013.08.09 13:16 B d:\temp\carbungc\cdi\images\romanian.gif <-- roswell /incoming/poon/carbungc/cdi/images romanian.gif
2013.08.09 13:16 B d:\temp\carbungc\cdi\images\romanian_b.gif <-- roswell /incoming/poon/carbungc/cdi/images romanian_b.gif
2013.08.09 13:16 B d:\temp\carbungc\cdi\images\russian.gif <-- roswell /incoming/poon/carbungc/cdi/images russian.gif
2013.08.09 13:16 B d:\temp\carbungc\cdi\images\russian_b.gif <-- roswell /incoming/poon/carbungc/cdi/images russian_b.gif
2013.08.09 13:16 B d:\temp\carbungc\cdi\images\sasak.gif <-- roswell /incoming/poon/carbungc/cdi/images sasak.gif
2013.08.09 13:16 B d:\temp\carbungc\cdi\images\sasak_b.gif <-- roswell /incoming/poon/carbungc/cdi/images sasak_b.gif
2013.08.09 13:16 B d:\temp\carbungc\cdi\images\scoringprogram.gif <-- roswell /incoming/poon/carbungc/cdi/images scoringprogram.gif
2013.08.09 13:16 B d:\temp\carbungc\cdi\images\scoringprogram2.gif <-- roswell /incoming/poon/carbungc/cdi/images scoringprogram2.gif
2013.08.09 13:16 B d:\temp\carbungc\cdi\images\scoringtemplates.gif <-- roswell /incoming/poon/carbungc/cdi/images scoringtemplates.gif
2013.08.09 13:16 B d:\temp\carbungc\cdi\images\scoringtemplates2.gif <-- roswell /incoming/poon/carbungc/cdi/images scoringtemplates2.gif
2013.08.09 13:16 B d:\temp\carbungc\cdi\images\servian_bosnian.gif <-- roswell /incoming/poon/carbungc/cdi/images servian_bosnian.gif
2013.08.09 13:16 B d:\temp\carbungc\cdi\images\servian_bosnian_b.gif <-- roswell /incoming/poon/carbungc/cdi/images servian_bosnian_b.gif
2013.08.09 13:16 B d:\temp\carbungc\cdi\images\short_e.gif <-- roswell /incoming/poon/carbungc/cdi/images short_e.gif
2013.08.09 13:16 B d:\temp\carbungc\cdi\images\short_level3.gif <-- roswell /incoming/poon/carbungc/cdi/images short_level3.gif
2013.08.09 13:16 B d:\temp\carbungc\cdi\images\short_s.gif <-- roswell /incoming/poon/carbungc/cdi/images short_s.gif
2013.08.09 13:16 B d:\temp\carbungc\cdi\images\shortenglish.gif <-- roswell /incoming/poon/carbungc/cdi/images shortenglish.gif
2013.08.09 13:16 B d:\temp\carbungc\cdi\images\shortenglish2.gif <-- roswell /incoming/poon/carbungc/cdi/images shortenglish2.gif
2013.08.09 13:16 B d:\temp\carbungc\cdi\images\shortenglishreferences.gif <-- roswell /incoming/poon/carbungc/cdi/images shortenglishreferences.gif
2013.08.09 13:16 B d:\temp\carbungc\cdi\images\shortenglishreferences2.gif <-- roswell /incoming/poon/carbungc/cdi/images shortenglishreferences2.gif
2013.08.09 13:16 B d:\temp\carbungc\cdi\images\shortspanish.gif <-- roswell /incoming/poon/carbungc/cdi/images shortspanish.gif
2013.08.09 13:16 B d:\temp\carbungc\cdi\images\shortspanish2.gif <-- roswell /incoming/poon/carbungc/cdi/images shortspanish2.gif
2013.08.09 13:16 B d:\temp\carbungc\cdi\images\sitemap.gif <-- roswell /incoming/poon/carbungc/cdi/images sitemap.gif
2013.08.09 13:16 B d:\temp\carbungc\cdi\images\sitemap2.gif <-- roswell /incoming/poon/carbungc/cdi/images sitemap2.gif
2013.08.09 13:16 B d:\temp\carbungc\cdi\images\sln.gif <-- roswell /incoming/poon/carbungc/cdi/images sln.gif
2013.08.09 13:16 B d:\temp\carbungc\cdi\images\sln_b.gif <-- roswell /incoming/poon/carbungc/cdi/images sln_b.gif
2013.08.09 13:16 B d:\temp\carbungc\cdi\images\slovak.gif <-- roswell /incoming/poon/carbungc/cdi/images slovak.gif
2013.08.09 13:16 B d:\temp\carbungc\cdi\images\slovak_b.gif <-- roswell /incoming/poon/carbungc/cdi/images slovak_b.gif
2013.08.09 13:16 B d:\temp\carbungc\cdi\images\slovenian.gif <-- roswell /incoming/poon/carbungc/cdi/images slovenian.gif
2013.08.09 13:16 B d:\temp\carbungc\cdi\images\slovenian_b.gif <-- roswell /incoming/poon/carbungc/cdi/images slovenian_b.gif
2013.08.09 13:16 B d:\temp\carbungc\cdi\images\spacer.gif <-- roswell /incoming/poon/carbungc/cdi/images spacer.gif
2013.08.09 13:16 B d:\temp\carbungc\cdi\images\spacer1.gif <-- roswell /incoming/poon/carbungc/cdi/images spacer1.gif
2013.08.09 13:16 B d:\temp\carbungc\cdi\images\spacer2.gif <-- roswell /incoming/poon/carbungc/cdi/images spacer2.gif
2013.08.09 13:17 B d:\temp\carbungc\cdi\images\spanishcuban.gif <-- roswell /incoming/poon/carbungc/cdi/images spanishcuban.gif
2013.08.09 13:17 B d:\temp\carbungc\cdi\images\spanishcuban_b.gif <-- roswell /incoming/poon/carbungc/cdi/images spanishcuban_b.gif
2013.08.09 13:17 B d:\temp\carbungc\cdi\images\spanisheuropean.gif <-- roswell /incoming/poon/carbungc/cdi/images spanisheuropean.gif
2013.08.09 13:17 B d:\temp\carbungc\cdi\images\spanisheuropean_b.gif <-- roswell /incoming/poon/carbungc/cdi/images spanisheuropean_b.gif
2013.08.09 13:17 B d:\temp\carbungc\cdi\images\spanishmanual.gif <-- roswell /incoming/poon/carbungc/cdi/images spanishmanual.gif
2013.08.09 13:17 B d:\temp\carbungc\cdi\images\spanishmex.gif <-- roswell /incoming/poon/carbungc/cdi/images spanishmex.gif
2013.08.09 13:17 B d:\temp\carbungc\cdi\images\spanishmex_b.gif <-- roswell /incoming/poon/carbungc/cdi/images spanishmex_b.gif
2013.08.09 13:17 B d:\temp\carbungc\cdi\images\spanishreport.gif <-- roswell /incoming/poon/carbungc/cdi/images spanishreport.gif
2013.08.09 13:17 B d:\temp\carbungc\cdi\images\spanishspain.gif <-- roswell /incoming/poon/carbungc/cdi/images spanishspain.gif
2013.08.09 13:17 B d:\temp\carbungc\cdi\images\spanishspain_b.gif <-- roswell /incoming/poon/carbungc/cdi/images spanishspain_b.gif
2013.08.09 13:17 B d:\temp\carbungc\cdi\images\spanletter.gif <-- roswell /incoming/poon/carbungc/cdi/images spanletter.gif
2013.08.09 13:17 B d:\temp\carbungc\cdi\images\spanletter_b.gif <-- roswell /incoming/poon/carbungc/cdi/images spanletter_b.gif
2013.08.09 13:17 B d:\temp\carbungc\cdi\images\spanreport.gif <-- roswell /incoming/poon/carbungc/cdi/images spanreport.gif
2013.08.09 13:17 B d:\temp\carbungc\cdi\images\spanreport_b.gif <-- roswell /incoming/poon/carbungc/cdi/images spanreport_b.gif
2013.08.09 13:17 B d:\temp\carbungc\cdi\images\specialtitle.gif <-- roswell /incoming/poon/carbungc/cdi/images specialtitle.gif
2013.08.09 13:17 B d:\temp\carbungc\cdi\images\suggadaptations.gif <-- roswell /incoming/poon/carbungc/cdi/images suggadaptations.gif
2013.08.09 13:17 B d:\temp\carbungc\cdi\images\suggadaptations2.gif <-- roswell /incoming/poon/carbungc/cdi/images suggadaptations2.gif
2013.08.09 13:17 B d:\temp\carbungc\cdi\images\swedish.gif <-- roswell /incoming/poon/carbungc/cdi/images swedish.gif
2013.08.09 13:17 B d:\temp\carbungc\cdi\images\swedish_b.gif <-- roswell /incoming/poon/carbungc/cdi/images swedish_b.gif
2013.08.09 13:17 B d:\temp\carbungc\cdi\images\tamil.gif <-- roswell /incoming/poon/carbungc/cdi/images tamil.gif
2013.08.09 13:17 B d:\temp\carbungc\cdi\images\tamil_b.gif <-- roswell /incoming/poon/carbungc/cdi/images tamil_b.gif
2013.08.09 13:17 B d:\temp\carbungc\cdi\images\thai.gif <-- roswell /incoming/poon/carbungc/cdi/images thai.gif
2013.08.09 13:17 B d:\temp\carbungc\cdi\images\thai_b.gif <-- roswell /incoming/poon/carbungc/cdi/images thai_b.gif
2013.08.09 13:17 B d:\temp\carbungc\cdi\images\Thumbs.db <-- roswell /incoming/poon/carbungc/cdi/images Thumbs.db
2013.08.09 13:17 B d:\temp\carbungc\cdi\images\turkish.gif <-- roswell /incoming/poon/carbungc/cdi/images turkish.gif
2013.08.09 13:17 B d:\temp\carbungc\cdi\images\turkish_b.gif <-- roswell /incoming/poon/carbungc/cdi/images turkish_b.gif
2013.08.09 13:17 B d:\temp\carbungc\cdi\images\untitled.htm <-- roswell /incoming/poon/carbungc/cdi/images untitled.htm
2013.08.09 13:17 B d:\temp\carbungc\cdi\images\ver_line.gif <-- roswell /incoming/poon/carbungc/cdi/images ver_line.gif
2013.08.09 13:17 B d:\temp\carbungc\cdi\images\w_g.gif <-- roswell /incoming/poon/carbungc/cdi/images w_g.gif
2013.08.09 13:17 B d:\temp\carbungc\cdi\images\welcome.gif <-- roswell /incoming/poon/carbungc/cdi/images welcome.gif
2013.08.09 13:17 B d:\temp\carbungc\cdi\images\welcometop.gif <-- roswell /incoming/poon/carbungc/cdi/images welcometop.gif
2013.08.09 13:17 B d:\temp\carbungc\cdi\images\welcometop2.gif <-- roswell /incoming/poon/carbungc/cdi/images welcometop2.gif
2013.08.09 13:17 B d:\temp\carbungc\cdi\images\welsh.gif <-- roswell /incoming/poon/carbungc/cdi/images welsh.gif
2013.08.09 13:17 B d:\temp\carbungc\cdi\images\welsh_b.gif <-- roswell /incoming/poon/carbungc/cdi/images welsh_b.gif
2013.08.09 13:17 B d:\temp\carbungc\cdi\images\welsh_english.gif <-- roswell /incoming/poon/carbungc/cdi/images welsh_english.gif
2013.08.09 13:17 B d:\temp\carbungc\cdi\images\welsh_english_b.gif <-- roswell /incoming/poon/carbungc/cdi/images welsh_english_b.gif
2013.08.09 13:17 B d:\temp\carbungc\cdi\images\west_african_lang.gif <-- roswell /incoming/poon/carbungc/cdi/images west_african_lang.gif
2013.08.09 13:17 B d:\temp\carbungc\cdi\images\west_african_lang_b.gif <-- roswell /incoming/poon/carbungc/cdi/images west_african_lang_b.gif
2013.08.09 13:17 B d:\temp\carbungc\cdi\images\wolof.gif <-- roswell /incoming/poon/carbungc/cdi/images wolof.gif
2013.08.09 13:17 B d:\temp\carbungc\cdi\images\wolof_b.gif <-- roswell /incoming/poon/carbungc/cdi/images wolof_b.gif
2013.08.09 13:17 B d:\temp\carbungc\cdi\images\yiddish.gif <-- roswell /incoming/poon/carbungc/cdi/images yiddish.gif
2013.08.09 13:17 B d:\temp\carbungc\cdi\images\yiddish_b.gif <-- roswell /incoming/poon/carbungc/cdi/images yiddish_b.gif
